<?xml version="1.0" encoding="UTF-8"?>
<!-- Generated by org.testng.reporters.JUnitReportReporter -->
<testsuite hostname="DESKTOP-UBC2RB5" failures="0" tests="2" name="comp.magnus.test.MagnusCRUDTest" time="20.343" errors="0" timestamp="2023-03-01T03:16:30 IST" skipped="0">
  <testcase classname="comp.magnus.test.MagnusCRUDTest" name="loginPageTes" time="9.838"/>
  <system-out/>
  <testcase classname="comp.magnus.test.MagnusCRUDTest" name="addNewEmployeeRecordTest" time="10.505"/>
  <system-out/>
</testsuite> <!-- comp.magnus.test.MagnusCRUDTest -->
