<?xml version="1.0" encoding="UTF-8"?>
<!-- Generated by org.testng.reporters.JUnitReportReporter -->
<testsuite hostname="DESKTOP-UBC2RB5" failures="0" tests="1" name="CRUDEmployeeDetailsTestCases.EmployeeDetailTests" time="5.590" errors="0" timestamp="2023-03-03T00:11:22 IST" skipped="0">
  <testcase classname="CRUDEmployeeDetailsTestCases.EmployeeDetailTests" name="createNewEployeeRecord" time="5.590"/>
  <system-out>
    <![CDATA[After Assert : Employee details saved successfully]]>
  </system-out>
</testsuite> <!-- CRUDEmployeeDetailsTestCases.EmployeeDetailTests -->
