<?xml version="1.0" encoding="UTF-8"?>
<!-- Generated by org.testng.reporters.JUnitReportReporter -->
<testsuite hostname="DESKTOP-UBC2RB5" failures="0" tests="2" name="comp.magnus.test.MagnusTest" time="3.627" errors="0" timestamp="2023-02-28T14:30:36 IST" skipped="0">
  <testcase classname="comp.magnus.test.MagnusTest" name="verifyUserLoginPage" time="2.763"/>
  <system-out/>
  <testcase classname="comp.magnus.test.MagnusTest" name="verifyWelcomeMsg" time="0.864"/>
  <system-out>
    <![CDATA[Actual Welcome Message : Welcome to JALA Academy
Expected Welcome Message : Welcome to JALA Academy]]>
  </system-out>
</testsuite> <!-- comp.magnus.test.MagnusTest -->
